<?xml version="1.0" encoding="UTF-8"?>
<testng-results ignored="0" total="1" passed="1" failed="0" skipped="0">
  <reporter-output>
  </reporter-output>
  <suite started-at="2022-12-06T19:01:38 IST" name="Suite" finished-at="2022-12-06T19:04:30 IST" duration-ms="171208">
    <groups>
    </groups>
    <test started-at="2022-12-06T19:01:38 IST" name="Test" finished-at="2022-12-06T19:04:30 IST" duration-ms="171208">
      <class name="stepDefinition.NewTest">
        <test-method signature="comparisonCheck()[pri:0, instance:stepDefinition.NewTest@1de5f259]" started-at="2022-12-06T19:01:38 IST" name="comparisonCheck" finished-at="2022-12-06T19:04:29 IST" duration-ms="171086" status="PASS">
          <reporter-output>
          </reporter-output>
        </test-method> <!-- comparisonCheck -->
      </class> <!-- stepDefinition.NewTest -->
    </test> <!-- Test -->
  </suite> <!-- Suite -->
</testng-results>
